[19:52:13] [ServerMain/INFO]: Environment: Environment[sessionHost=https://sessionserver.mojang.com, servicesHost=https://api.minecraftservices.com, name=PROD]
[19:52:14] [ServerMain/INFO]: No existing world data, creating new world
[19:52:14] [ServerMain/INFO]: Loaded 1290 recipes
[19:52:14] [ServerMain/INFO]: Loaded 1399 advancements
[19:52:15] [Server thread/INFO]: Starting minecraft server version 1.21
[19:52:15] [Server thread/INFO]: Loading properties
[19:52:15] [Server thread/INFO]: Default game type: SURVIVAL
[19:52:15] [Server thread/INFO]: Generating keypair
[19:52:15] [Server thread/INFO]: Starting Minecraft server on *:25565
[19:52:15] [Server thread/INFO]: Using epoll channel type
[19:52:15] [Server thread/WARN]: **** SERVER IS RUNNING IN OFFLINE/INSECURE MODE!
[19:52:15] [Server thread/WARN]: The server will make no attempt to authenticate usernames. Beware.
[19:52:15] [Server thread/WARN]: While this makes the game possible to play without internet access, it also opens up the ability for hackers to connect with any username they choose.
[19:52:15] [Server thread/WARN]: To change this, set "online-mode" to "true" in the server.properties file.
[19:52:15] [Server thread/INFO]: Preparing level "world"
[19:52:21] [Server thread/INFO]: Preparing start region for dimension minecraft:overworld
[19:52:21] [Worker-Main-2/INFO]: Preparing spawn area: 2%
[19:52:22] [Worker-Main-2/INFO]: Preparing spawn area: 2%
[19:52:22] [Worker-Main-2/INFO]: Preparing spawn area: 2%
[19:52:23] [Worker-Main-3/INFO]: Preparing spawn area: 2%
[19:52:23] [Worker-Main-3/INFO]: Preparing spawn area: 10%
[19:52:24] [Worker-Main-2/INFO]: Preparing spawn area: 18%
[19:52:24] [Worker-Main-1/INFO]: Preparing spawn area: 18%
[19:52:25] [Worker-Main-3/INFO]: Preparing spawn area: 18%
[19:52:25] [Worker-Main-3/INFO]: Preparing spawn area: 46%
[19:52:25] [Worker-Main-2/INFO]: Preparing spawn area: 51%
[19:52:26] [Worker-Main-1/INFO]: Preparing spawn area: 51%
[19:52:26] [Server thread/INFO]: Time elapsed: 5445 ms
[19:52:26] [Server thread/INFO]: Done (11.477s)! For help, type "help"
